<?xml version="1.0" encoding="UTF-8"?>
<!-- Generated by org.testng.reporters.JUnitXMLReporter -->
<testsuite ignored="0" hostname="Ranjith-Vivobook" failures="0" tests="3" name="Default test" time="1225.878" errors="0" timestamp="2026-05-01T17:13:15 GMT-04:00">
  <testcase classname="com.neha.tests.ProductsTest" name="testAddToCart" time="1215.347"/>
  <testcase classname="com.neha.tests.ProductsTest" name="testProductIsDisplayed" time="0.052"/>
  <testcase classname="com.neha.tests.ProductsTest" name="testProductsPageLoads" time="0.037"/>
</testsuite> <!-- Default test -->
