<?xml version="1.0" encoding="UTF-8"?>
<!-- Generated by org.testng.reporters.JUnitReportReporter -->
<testsuite hostname="Ranjith-Vivobook" failures="0" tests="2" name="com.neha.tests.LoginTest" time="8.208" errors="0" timestamp="2026-05-04T11:51:48 GMT-04:00" skipped="0">
  <testcase classname="com.neha.tests.LoginTest" name="testInvalidLogin" time="4.970"/>
  <testcase classname="com.neha.tests.LoginTest" name="testValidLogin" time="3.238"/>
</testsuite> <!-- com.neha.tests.LoginTest -->
