<?xml version="1.0" encoding="UTF-8"?>
<!-- Generated by org.testng.reporters.JUnitReportReporter -->
<testsuite hostname="Ranjith-Vivobook" failures="0" tests="2" name="com.neha.tests.LoginTest" time="5.302" errors="0" timestamp="2026-04-29T16:46:25 GMT-04:00" skipped="0">
  <testcase classname="com.neha.tests.LoginTest" name="testValidLogin" time="3.075"/>
  <testcase classname="com.neha.tests.LoginTest" name="testInvalidLogin" time="2.227"/>
</testsuite> <!-- com.neha.tests.LoginTest -->
