<?xml version="1.0" encoding="UTF-8"?>
<testng-results ignored="0" total="2" passed="2" failed="0" skipped="0">
  <reporter-output>
  </reporter-output>
  <suite started-at="2026-04-29T16:46:19 GMT-04:00" name="Selenium Portfolio Suite" finished-at="2026-04-29T16:46:24 GMT-04:00" duration-ms="5374">
    <groups>
    </groups>
    <test started-at="2026-04-29T16:46:19 GMT-04:00" name="Login Tests" finished-at="2026-04-29T16:46:24 GMT-04:00" duration-ms="5374">
      <class name="com.neha.tests.LoginTest">
        <test-method is-config="true" signature="setUp()[pri:0, instance:com.neha.tests.LoginTest@1bb5a082]" started-at="2026-04-29T16:46:19 GMT-04:00" name="setUp" finished-at="2026-04-29T16:46:21 GMT-04:00" duration-ms="1957" status="PASS">
          <reporter-output>
          </reporter-output>
        </test-method> <!-- setUp -->
        <test-method signature="testInvalidLogin()[pri:0, instance:com.neha.tests.LoginTest@1bb5a082]" started-at="2026-04-29T16:46:21 GMT-04:00" name="testInvalidLogin" description="Invalid login should show error message" finished-at="2026-04-29T16:46:22 GMT-04:00" duration-ms="853" status="PASS">
          <reporter-output>
          </reporter-output>
        </test-method> <!-- testInvalidLogin -->
        <test-method is-config="true" signature="tearDown()[pri:0, instance:com.neha.tests.LoginTest@1bb5a082]" started-at="2026-04-29T16:46:22 GMT-04:00" name="tearDown" finished-at="2026-04-29T16:46:22 GMT-04:00" duration-ms="339" status="PASS">
          <reporter-output>
          </reporter-output>
        </test-method> <!-- tearDown -->
        <test-method is-config="true" signature="setUp()[pri:0, instance:com.neha.tests.LoginTest@1bb5a082]" started-at="2026-04-29T16:46:22 GMT-04:00" name="setUp" finished-at="2026-04-29T16:46:23 GMT-04:00" duration-ms="1035" status="PASS">
          <reporter-output>
          </reporter-output>
        </test-method> <!-- setUp -->
        <test-method signature="testValidLogin()[pri:0, instance:com.neha.tests.LoginTest@1bb5a082]" started-at="2026-04-29T16:46:23 GMT-04:00" name="testValidLogin" description="Valid login should lead to products page" finished-at="2026-04-29T16:46:24 GMT-04:00" duration-ms="860" status="PASS">
          <reporter-output>
          </reporter-output>
        </test-method> <!-- testValidLogin -->
        <test-method is-config="true" signature="tearDown()[pri:0, instance:com.neha.tests.LoginTest@1bb5a082]" started-at="2026-04-29T16:46:24 GMT-04:00" name="tearDown" finished-at="2026-04-29T16:46:24 GMT-04:00" duration-ms="258" status="PASS">
          <reporter-output>
          </reporter-output>
        </test-method> <!-- tearDown -->
      </class> <!-- com.neha.tests.LoginTest -->
    </test> <!-- Login Tests -->
  </suite> <!-- Selenium Portfolio Suite -->
</testng-results>
